app/manifest-merger-release-report.txt
-- Merging decision tree log ---
manifest
ADDED from AndroidManifest.xml:2:1
	xmlns:android
		ADDED from AndroidManifest.xml:2:11
	package
		ADDED from AndroidManifest.xml:3:5
		INJECTED from AndroidManifest.xml:0:0
		INJECTED from AndroidManifest.xml:0:0
	android:versionName
		INJECTED from AndroidManifest.xml:0:0
		INJECTED from AndroidManifest.xml:0:0
	android:versionCode
		INJECTED from AndroidManifest.xml:0:0
		INJECTED from AndroidManifest.xml:0:0
uses-permission#android.permission.INTERNET
ADDED from AndroidManifest.xml:5:5
	android:name
		ADDED from AndroidManifest.xml:5:22
uses-permission#android.permission.READ_SYNC_SETTINGS
ADDED from AndroidManifest.xml:7:5
	android:name
		ADDED from AndroidManifest.xml:7:22
uses-permission#android.permission.WRITE_SYNC_SETTINGS
ADDED from AndroidManifest.xml:8:5
	android:name
		ADDED from AndroidManifest.xml:8:22
uses-permission#android.permission.AUTHENTICATE_ACCOUNTS
ADDED from AndroidManifest.xml:9:5
	android:name
		ADDED from AndroidManifest.xml:9:22
uses-permission#android.permission.ACCESS_NETWORK_STATE
ADDED from AndroidManifest.xml:10:5
	android:name
		ADDED from AndroidManifest.xml:10:22
supports-screens
ADDED from AndroidManifest.xml:12:5
	android:resizeable
		ADDED from AndroidManifest.xml:16:9
	android:largeScreens
		ADDED from AndroidManifest.xml:14:9
	android:anyDensity
		ADDED from AndroidManifest.xml:13:9
	android:normalScreens
		ADDED from AndroidManifest.xml:15:9
	android:xlargeScreens
		ADDED from AndroidManifest.xml:18:9
	android:smallScreens
		ADDED from AndroidManifest.xml:17:9
application
ADDED from AndroidManifest.xml:20:5
MERGED from com.android.support:appcompat-v7:21.0.2:16:5
MERGED from com.android.support:support-v4:21.0.2:16:5
	android:label
		ADDED from AndroidManifest.xml:23:9
	android:allowBackup
		ADDED from AndroidManifest.xml:21:9
	android:icon
		ADDED from AndroidManifest.xml:22:9
	android:theme
		ADDED from AndroidManifest.xml:24:9
activity#lpa.aumont.cercadom.MainActivity
ADDED from AndroidManifest.xml:25:9
	android:label
		ADDED from AndroidManifest.xml:27:13
	android:name
		ADDED from AndroidManifest.xml:26:13
intent-filter#android.intent.action.MAIN+android.intent.category.LAUNCHER
ADDED from AndroidManifest.xml:28:13
action#android.intent.action.MAIN
ADDED from AndroidManifest.xml:29:17
	android:name
		ADDED from AndroidManifest.xml:29:25
category#android.intent.category.LAUNCHER
ADDED from AndroidManifest.xml:31:17
	android:name
		ADDED from AndroidManifest.xml:31:27
activity#lpa.aumont.cercadom.QuizActivity
ADDED from AndroidManifest.xml:34:9
	android:label
		ADDED from AndroidManifest.xml:36:13
	android:name
		ADDED from AndroidManifest.xml:35:13
provider#lpa.aumont.cercadom.model.QuizProvider
ADDED from AndroidManifest.xml:38:9
	android:syncable
		ADDED from AndroidManifest.xml:42:13
	android:exported
		ADDED from AndroidManifest.xml:41:13
	android:authorities
		ADDED from AndroidManifest.xml:40:13
	android:name
		ADDED from AndroidManifest.xml:39:13
activity#lpa.aumont.cercadom.ResultActivity
ADDED from AndroidManifest.xml:44:9
	android:label
		ADDED from AndroidManifest.xml:46:13
	android:parentActivityName
		ADDED from AndroidManifest.xml:47:13
	android:name
		ADDED from AndroidManifest.xml:45:13
meta-data#android.support.PARENT_ACTIVITY
ADDED from AndroidManifest.xml:48:13
	android:name
		ADDED from AndroidManifest.xml:49:17
	android:value
		ADDED from AndroidManifest.xml:50:17
service#lpa.aumont.cercadom.sync.CerCaDomAuthenticatorService
ADDED from AndroidManifest.xml:53:9
	android:name
		ADDED from AndroidManifest.xml:53:18
intent-filter#android.accounts.AccountAuthenticator
ADDED from AndroidManifest.xml:54:13
action#android.accounts.AccountAuthenticator
ADDED from AndroidManifest.xml:55:17
	android:name
		ADDED from AndroidManifest.xml:55:25
meta-data#android.accounts.AccountAuthenticator
ADDED from AndroidManifest.xml:57:13
	android:resource
		ADDED from AndroidManifest.xml:59:17
	android:name
		ADDED from AndroidManifest.xml:58:17
service#lpa.aumont.cercadom.sync.CerCaDomSyncService
ADDED from AndroidManifest.xml:63:9
	android:process
		ADDED from AndroidManifest.xml:66:13
	android:exported
		ADDED from AndroidManifest.xml:65:13
	android:name
		ADDED from AndroidManifest.xml:64:13
intent-filter#android.content.SyncAdapter
ADDED from AndroidManifest.xml:67:13
action#android.content.SyncAdapter
ADDED from AndroidManifest.xml:68:17
	android:name
		ADDED from AndroidManifest.xml:68:25
meta-data#android.content.SyncAdapter
ADDED from AndroidManifest.xml:70:13
	android:resource
		ADDED from AndroidManifest.xml:71:17
	android:name
		ADDED from AndroidManifest.xml:70:24
uses-sdk
INJECTED from AndroidManifest.xml:0:0 reason: use-sdk injection requested
MERGED from com.android.support:appcompat-v7:21.0.2:15:5
MERGED from com.android.support:support-v4:21.0.2:15:5
	android:targetSdkVersion
		INJECTED from AndroidManifest.xml:0:0
		INJECTED from AndroidManifest.xml:0:0
	android:minSdkVersion
		INJECTED from AndroidManifest.xml:0:0
		INJECTED from AndroidManifest.xml:0:0